Arguments: 
  /data/data/com.termux/files/usr/bin/node /data/data/com.termux/files/usr/share/yarn/bin/yarn.js global add code-server=3.12.1

PATH: 
  /data/data/com.termux/files/usr/bin

Yarn version: 
  1.22.10

Node version: 
  16.10.0

Platform: 
  android arm

Trace: 
  Error: https://registry.yarnpkg.com/code-server=3.12.1: Not found
      at Request.params.callback [as _callback] (/data/data/com.termux/files/usr/share/yarn/lib/cli.js:66988:18)
      at Request.self.callback (/data/data/com.termux/files/usr/share/yarn/lib/cli.js:140749:22)
      at Request.emit (node:events:390:28)
      at Request.<anonymous> (/data/data/com.termux/files/usr/share/yarn/lib/cli.js:141721:10)
      at Request.emit (node:events:390:28)
      at IncomingMessage.<anonymous> (/data/data/com.termux/files/usr/share/yarn/lib/cli.js:141643:12)
      at Object.onceWrapper (node:events:509:28)
      at IncomingMessage.emit (node:events:402:35)
      at endReadableNT (node:internal/streams/readable:1343:12)
      at processTicksAndRejections (node:internal/process/task_queues:83:21)

npm manifest: 
  {
    "dependencies": {}
  }

yarn manifest: 
  No manifest

Lockfile: 
  # THIS IS AN AUTOGENERATED FILE. DO NOT EDIT THIS FILE DIRECTLY.
  # yarn lockfile v1
